<?xml version="1.0" encoding="UTF-8"?>
<testng-results ignored="0" total="1" passed="1" failed="0" skipped="0">
  <reporter-output>
  </reporter-output>
  <suite started-at="2023-07-19T03:26:25Z" name="Default suite" finished-at="2023-07-19T03:26:36Z" duration-ms="10730">
    <groups>
    </groups>
    <test started-at="2023-07-19T03:26:25Z" name="Default test" finished-at="2023-07-19T03:26:36Z" duration-ms="10730">
      <class name="in.amazon.testscripts.DDF">
        <test-method is-config="true" signature="launchApplication()[pri:0, instance:in.amazon.testscripts.DDF@6af9fcb2]" started-at="2023-07-19T03:26:25Z" name="launchApplication" finished-at="2023-07-19T03:26:30Z" duration-ms="5322" status="PASS">
          <reporter-output>
          </reporter-output>
        </test-method> <!-- launchApplication -->
        <test-method signature="verifyErrorMsg()[pri:0, instance:in.amazon.testscripts.DDF@6af9fcb2]" started-at="2023-07-19T03:26:30Z" name="verifyErrorMsg" finished-at="2023-07-19T03:26:35Z" duration-ms="5198" status="PASS">
          <reporter-output>
          </reporter-output>
        </test-method> <!-- verifyErrorMsg -->
        <test-method is-config="true" signature="closeBrowser()[pri:0, instance:in.amazon.testscripts.DDF@6af9fcb2]" started-at="2023-07-19T03:26:35Z" name="closeBrowser" finished-at="2023-07-19T03:26:36Z" duration-ms="196" status="PASS">
          <reporter-output>
          </reporter-output>
        </test-method> <!-- closeBrowser -->
      </class> <!-- in.amazon.testscripts.DDF -->
    </test> <!-- Default test -->
  </suite> <!-- Default suite -->
</testng-results>
